<?xml version="1.0" encoding="UTF-8"?>
<testsuite xmlns:xsi="http://www.w3.org/2001/XMLSchema-instance" xsi:schemaLocation="https://maven.apache.org/surefire/maven-surefire-plugin/xsd/surefire-test-report.xsd" name="topguntest.ApplicationLaunchTest" time="283.249" tests="1" errors="1" skipped="0" failures="0">
  <properties>
[...]
</properties>
  <testcase name="test" classname="topguntest.ApplicationLaunchTest" time="283.249">
    <error message="ERROR The test with session id 5be1e7a7374a4c39b6eef0c716809c16 has already finished, and can&apos;t receive further commands.&#10;You can learn more at https://saucelabs.com/jobs/5be1e7a7374a4c39b6eef0c716809c16&#10;For help, please check https://wiki.saucelabs.com/display/DOCS/Common+Error+Messages&#10;Command duration or timeout: 283.00 seconds&#10;Build info: version: &apos;2.44.0&apos;, revision: &apos;76d78cf323ce037c5f92db6c1bba601c2ac43ad8&apos;, time: &apos;2014-10-23 13:11:40&apos;&#10;System info: host: &apos;maciekmacbookpro&apos;, ip: &apos;10.4.206.201&apos;, os.name: &apos;Mac OS X&apos;, os.arch: &apos;x86_64&apos;, os.version: &apos;10.11.6&apos;, java.version: &apos;1.8.0_102&apos;&#10;Driver info: io.appium.java_client.ios.IOSDriver" type="org.openqa.selenium.UnsupportedCommandException">org.openqa.selenium.UnsupportedCommandException: 
ERROR The test with session id 5be1e7a7374a4c39b6eef0c716809c16 has already finished, and can't receive further commands.
You can learn more at https://saucelabs.com/jobs/5be1e7a7374a4c39b6eef0c716809c16
For help, please check https://wiki.saucelabs.com/display/DOCS/Common+Error+Messages
Command duration or timeout: 283.00 seconds
Build info: version: '2.44.0', revision: '76d78cf323ce037c5f92db6c1bba601c2ac43ad8', time: '2014-10-23 13:11:40'
System info: host: 'maciekmacbookpro', ip: '10.4.206.201', os.name: 'Mac OS X', os.arch: 'x86_64', os.version: '10.11.6', java.version: '1.8.0_102'
Driver info: io.appium.java_client.ios.IOSDriver
	at topguntest.ApplicationLaunchTest.test(ApplicationLaunchTest.java:46)
</error>
  </testcase>
</testsuite>